<?xml version="1.0" encoding="UTF-8"?>
<!-- Generated by org.testng.reporters.JUnitReportReporter -->
<testsuite hostname="LAPTOP-0SCJ6J7A" failures="0" tests="1" name="demotest2.DemoTest2" time="0.010" errors="0" timestamp="2022-03-14T16:08:36 IST" skipped="0">
  <testcase classname="demotest2.DemoTest2" name="testParameter" time="0.010"/>
  <system-out/>
</testsuite> <!-- demotest2.DemoTest2 -->
