<?xml version="1.0" encoding="UTF-8"?>
<!-- Generated by org.testng.reporters.JUnitReportReporter -->
<testsuite hostname="LAPTOP-0SCJ6J7A" failures="0" tests="3" name="demotests.DemoTest" time="0.014" errors="0" timestamp="2022-03-14T15:16:32 IST" skipped="0">
  <testcase classname="demotests.DemoTest" name="Demo3" time="0.002"/>
  <system-out/>
  <testcase classname="demotests.DemoTest" name="Demo2" time="0.002"/>
  <system-out/>
  <testcase classname="demotests.DemoTest" name="Demo" time="0.010"/>
  <system-out/>
</testsuite> <!-- demotests.DemoTest -->
